<?xml version="1.0" encoding="UTF-8"?>
<!-- Generated by org.testng.reporters.JUnitReportReporter -->
<testsuite skipped="0" hostname="del1-lhp-n65297" name="org.shl.testng.Flipcart.TestScript" tests="1" failures="0" timestamp="18 Sep 2019 05:49:13 GMT" time="12.712" errors="0">
  <testcase name="Login" time="12.712" classname="org.shl.testng.Flipcart.TestScript"/>
</testsuite> <!-- org.shl.testng.Flipcart.TestScript -->
