<?xml version="1.0" encoding="UTF-8"?>
<!-- Generated by org.testng.reporters.JUnitReportReporter -->
<testsuite skipped="0" hostname="del1-lhp-n65297" name="org.shl.testng.Flipcart.TestScript" tests="1" failures="0" timestamp="17 Sep 2019 10:55:37 GMT" time="17.759" errors="0">
  <testcase name="Login" time="17.759" classname="org.shl.testng.Flipcart.TestScript"/>
</testsuite> <!-- org.shl.testng.Flipcart.TestScript -->
